11:35:35,934  INFO UsuarioAleatorioDAO:60 - Se termino de leer el archivo usuarios 
11:35:35,954  INFO UsuarioAleatorioDAO:82 - Se termino de cargar la lista de usuarios del archivo 
11:35:35,982  INFO UsuarioAleatorioDAO:60 - Se termino de leer el archivo usuarios 
11:35:36,003  INFO UsuarioAleatorioDAO:82 - Se termino de cargar la lista de usuarios del archivo 
11:35:36,012  INFO RelacionAleatorioDAO:59 - Se termino de leer el archivo relaciones 
11:35:36,025  INFO UsuarioAleatorioDAO:60 - Se termino de leer el archivo usuarios 
11:35:36,040  INFO UsuarioAleatorioDAO:82 - Se termino de cargar la lista de usuarios del archivo 
11:35:36,047  INFO RelacionAleatorioDAO:83 - Se termino de cargar la lista de relaciones del archivo 
13:48:35,581  INFO UsuarioAleatorioDAO:60 - Se termino de leer el archivo usuarios 
13:48:35,599  INFO UsuarioAleatorioDAO:82 - Se termino de cargar la lista de usuarios del archivo 
13:48:35,618  INFO UsuarioAleatorioDAO:60 - Se termino de leer el archivo usuarios 
13:48:35,636  INFO UsuarioAleatorioDAO:82 - Se termino de cargar la lista de usuarios del archivo 
13:48:35,647  INFO RelacionAleatorioDAO:59 - Se termino de leer el archivo relaciones 
13:48:35,663  INFO UsuarioAleatorioDAO:60 - Se termino de leer el archivo usuarios 
13:48:35,678  INFO UsuarioAleatorioDAO:82 - Se termino de cargar la lista de usuarios del archivo 
13:48:35,690  INFO RelacionAleatorioDAO:83 - Se termino de cargar la lista de relaciones del archivo 
13:48:52,869  INFO RedSocial:38 - Se agrego el usuario XXX al archivo
13:48:52,881  INFO UsuariosForm:405 - Se agrego el usuario:XXX al frame
13:49:05,631  INFO RedSocial:77 - Se borro el usuario XXX del archivo
13:49:05,636  INFO UsuariosForm:340 - Se borro el usuario:XXX del frame
13:55:19,210  INFO UsuarioAleatorioDAO:60 - Se termino de leer el archivo usuarios 
13:55:19,236  INFO UsuarioAleatorioDAO:82 - Se termino de cargar la lista de usuarios del archivo 
13:55:19,261  INFO UsuarioAleatorioDAO:60 - Se termino de leer el archivo usuarios 
13:55:19,277  INFO UsuarioAleatorioDAO:82 - Se termino de cargar la lista de usuarios del archivo 
13:55:19,290  INFO RelacionAleatorioDAO:59 - Se termino de leer el archivo relaciones 
13:55:19,310  INFO UsuarioAleatorioDAO:60 - Se termino de leer el archivo usuarios 
13:55:19,346  INFO UsuarioAleatorioDAO:82 - Se termino de cargar la lista de usuarios del archivo 
13:55:19,360  INFO RelacionAleatorioDAO:83 - Se termino de cargar la lista de relaciones del archivo 
13:59:01,767  INFO UsuarioAleatorioDAO:60 - Se termino de leer el archivo usuarios 
13:59:01,811  INFO UsuarioAleatorioDAO:82 - Se termino de cargar la lista de usuarios del archivo 
13:59:01,867  INFO UsuarioAleatorioDAO:60 - Se termino de leer el archivo usuarios 
13:59:01,898  INFO UsuarioAleatorioDAO:82 - Se termino de cargar la lista de usuarios del archivo 
13:59:01,912  INFO RelacionAleatorioDAO:59 - Se termino de leer el archivo relaciones 
13:59:01,939  INFO UsuarioAleatorioDAO:60 - Se termino de leer el archivo usuarios 
13:59:01,974  INFO UsuarioAleatorioDAO:82 - Se termino de cargar la lista de usuarios del archivo 
13:59:01,991  INFO RelacionAleatorioDAO:83 - Se termino de cargar la lista de relaciones del archivo 
13:59:12,714  INFO RedSocial:38 - Se agrego el usuario XXX al archivo
13:59:12,721  INFO UsuariosForm:405 - Se agrego el usuario:XXX al frame
13:59:23,134  INFO RedSocial:77 - Se borro el usuario XXX del archivo
13:59:23,141  INFO UsuariosForm:340 - Se borro el usuario:XXX del frame
14:08:43,800  INFO UsuarioAleatorioDAO:60 - Se termino de leer el archivo usuarios 
14:08:43,827  INFO UsuarioAleatorioDAO:82 - Se termino de cargar la lista de usuarios del archivo 
14:08:43,868  INFO UsuarioAleatorioDAO:60 - Se termino de leer el archivo usuarios 
14:08:43,910  INFO UsuarioAleatorioDAO:82 - Se termino de cargar la lista de usuarios del archivo 
14:08:43,935  INFO RelacionAleatorioDAO:59 - Se termino de leer el archivo relaciones 
14:08:43,981  INFO UsuarioAleatorioDAO:60 - Se termino de leer el archivo usuarios 
14:08:44,042  INFO UsuarioAleatorioDAO:82 - Se termino de cargar la lista de usuarios del archivo 
14:08:44,067  INFO RelacionAleatorioDAO:83 - Se termino de cargar la lista de relaciones del archivo 
14:08:53,953  INFO RedSocial:38 - Se agrego el usuario XXX al archivo
14:08:53,960  INFO UsuariosForm:405 - Se agrego el usuario:XXX al frame
14:08:56,829 ERROR UsuariosForm:394 - Campos no válidos!
14:09:07,682  INFO RedSocial:77 - Se borro el usuario XXX del archivo
14:09:07,689  INFO UsuariosForm:340 - Se borro el usuario:XXX del frame
14:09:51,668  INFO UsuarioAleatorioDAO:60 - Se termino de leer el archivo usuarios 
14:09:51,717  INFO UsuarioAleatorioDAO:82 - Se termino de cargar la lista de usuarios del archivo 
14:09:51,762  INFO UsuarioAleatorioDAO:60 - Se termino de leer el archivo usuarios 
14:09:51,792  INFO UsuarioAleatorioDAO:82 - Se termino de cargar la lista de usuarios del archivo 
14:09:51,802  INFO RelacionAleatorioDAO:59 - Se termino de leer el archivo relaciones 
14:09:51,820  INFO UsuarioAleatorioDAO:60 - Se termino de leer el archivo usuarios 
14:09:51,844  INFO UsuarioAleatorioDAO:82 - Se termino de cargar la lista de usuarios del archivo 
14:09:51,855  INFO RelacionAleatorioDAO:83 - Se termino de cargar la lista de relaciones del archivo 
14:10:15,845  INFO Calculo:315 - No se actualizaron los datos
14:10:15,856  INFO Calculo:315 - No se actualizaron los datos
14:10:35,686  INFO Calculo:315 - No se actualizaron los datos
14:10:35,686  INFO Calculo:315 - No se actualizaron los datos
14:21:33,021  INFO UsuarioAleatorioDAO:60 - Se termino de leer el archivo usuarios 
14:21:33,067  INFO UsuarioAleatorioDAO:82 - Se termino de cargar la lista de usuarios del archivo 
14:21:33,117  INFO UsuarioAleatorioDAO:60 - Se termino de leer el archivo usuarios 
14:21:33,140  INFO UsuarioAleatorioDAO:82 - Se termino de cargar la lista de usuarios del archivo 
14:21:33,150  INFO RelacionAleatorioDAO:59 - Se termino de leer el archivo relaciones 
14:21:33,166  INFO UsuarioAleatorioDAO:60 - Se termino de leer el archivo usuarios 
14:21:33,181  INFO UsuarioAleatorioDAO:82 - Se termino de cargar la lista de usuarios del archivo 
14:21:33,190  INFO RelacionAleatorioDAO:83 - Se termino de cargar la lista de relaciones del archivo 
14:21:56,958  INFO Calculo:315 - No se actualizaron los datos
14:21:56,964  INFO Calculo:315 - No se actualizaron los datos
14:22:23,558  INFO Calculo:315 - No se actualizaron los datos
14:22:23,558  INFO Calculo:315 - No se actualizaron los datos
14:22:45,935  INFO UsuarioAleatorioDAO:60 - Se termino de leer el archivo usuarios 
14:22:45,977  INFO UsuarioAleatorioDAO:82 - Se termino de cargar la lista de usuarios del archivo 
14:22:46,012  INFO UsuarioAleatorioDAO:60 - Se termino de leer el archivo usuarios 
14:22:46,046  INFO UsuarioAleatorioDAO:82 - Se termino de cargar la lista de usuarios del archivo 
14:22:46,066  INFO RelacionAleatorioDAO:59 - Se termino de leer el archivo relaciones 
14:22:46,090  INFO UsuarioAleatorioDAO:60 - Se termino de leer el archivo usuarios 
14:22:46,107  INFO UsuarioAleatorioDAO:82 - Se termino de cargar la lista de usuarios del archivo 
14:22:46,115  INFO RelacionAleatorioDAO:83 - Se termino de cargar la lista de relaciones del archivo 
14:27:32,808  INFO UsuarioAleatorioDAO:60 - Se termino de leer el archivo usuarios 
14:27:32,836  INFO UsuarioAleatorioDAO:82 - Se termino de cargar la lista de usuarios del archivo 
14:27:32,864  INFO UsuarioAleatorioDAO:60 - Se termino de leer el archivo usuarios 
14:27:32,891  INFO UsuarioAleatorioDAO:82 - Se termino de cargar la lista de usuarios del archivo 
14:27:32,903  INFO RelacionAleatorioDAO:59 - Se termino de leer el archivo relaciones 
14:27:32,923  INFO UsuarioAleatorioDAO:60 - Se termino de leer el archivo usuarios 
14:27:32,942  INFO UsuarioAleatorioDAO:82 - Se termino de cargar la lista de usuarios del archivo 
14:27:32,952  INFO RelacionAleatorioDAO:83 - Se termino de cargar la lista de relaciones del archivo 
14:32:22,452  INFO UsuarioAleatorioDAO:60 - Se termino de leer el archivo usuarios 
14:32:22,474  INFO UsuarioAleatorioDAO:82 - Se termino de cargar la lista de usuarios del archivo 
14:32:22,507  INFO UsuarioAleatorioDAO:60 - Se termino de leer el archivo usuarios 
14:32:22,531  INFO UsuarioAleatorioDAO:82 - Se termino de cargar la lista de usuarios del archivo 
14:32:22,544  INFO RelacionAleatorioDAO:59 - Se termino de leer el archivo relaciones 
14:32:22,576  INFO UsuarioAleatorioDAO:60 - Se termino de leer el archivo usuarios 
14:32:22,602  INFO UsuarioAleatorioDAO:82 - Se termino de cargar la lista de usuarios del archivo 
14:32:22,611  INFO RelacionAleatorioDAO:83 - Se termino de cargar la lista de relaciones del archivo 
14:34:49,322  INFO UsuarioAleatorioDAO:60 - Se termino de leer el archivo usuarios 
14:34:49,357  INFO UsuarioAleatorioDAO:82 - Se termino de cargar la lista de usuarios del archivo 
14:34:49,384  INFO UsuarioAleatorioDAO:60 - Se termino de leer el archivo usuarios 
14:34:49,405  INFO UsuarioAleatorioDAO:82 - Se termino de cargar la lista de usuarios del archivo 
14:34:49,419  INFO RelacionAleatorioDAO:59 - Se termino de leer el archivo relaciones 
14:34:49,445  INFO UsuarioAleatorioDAO:60 - Se termino de leer el archivo usuarios 
14:34:49,472  INFO UsuarioAleatorioDAO:82 - Se termino de cargar la lista de usuarios del archivo 
14:34:49,482  INFO RelacionAleatorioDAO:83 - Se termino de cargar la lista de relaciones del archivo 
14:35:30,317  INFO UsuarioAleatorioDAO:60 - Se termino de leer el archivo usuarios 
14:35:30,354  INFO UsuarioAleatorioDAO:82 - Se termino de cargar la lista de usuarios del archivo 
14:35:30,401  INFO UsuarioAleatorioDAO:60 - Se termino de leer el archivo usuarios 
14:35:30,439  INFO UsuarioAleatorioDAO:82 - Se termino de cargar la lista de usuarios del archivo 
14:35:30,458  INFO RelacionAleatorioDAO:59 - Se termino de leer el archivo relaciones 
14:35:30,478  INFO UsuarioAleatorioDAO:60 - Se termino de leer el archivo usuarios 
14:35:30,499  INFO UsuarioAleatorioDAO:82 - Se termino de cargar la lista de usuarios del archivo 
14:35:30,509  INFO RelacionAleatorioDAO:83 - Se termino de cargar la lista de relaciones del archivo 
14:36:09,817  INFO UsuarioAleatorioDAO:60 - Se termino de leer el archivo usuarios 
14:36:09,838  INFO UsuarioAleatorioDAO:82 - Se termino de cargar la lista de usuarios del archivo 
14:36:09,877  INFO UsuarioAleatorioDAO:60 - Se termino de leer el archivo usuarios 
14:36:09,911  INFO UsuarioAleatorioDAO:82 - Se termino de cargar la lista de usuarios del archivo 
14:36:09,933  INFO RelacionAleatorioDAO:59 - Se termino de leer el archivo relaciones 
14:36:09,970  INFO UsuarioAleatorioDAO:60 - Se termino de leer el archivo usuarios 
14:36:09,998  INFO UsuarioAleatorioDAO:82 - Se termino de cargar la lista de usuarios del archivo 
14:36:10,006  INFO RelacionAleatorioDAO:83 - Se termino de cargar la lista de relaciones del archivo 
14:37:06,970  INFO UsuarioAleatorioDAO:60 - Se termino de leer el archivo usuarios 
14:37:07,010  INFO UsuarioAleatorioDAO:82 - Se termino de cargar la lista de usuarios del archivo 
14:37:07,045  INFO UsuarioAleatorioDAO:60 - Se termino de leer el archivo usuarios 
14:37:07,084  INFO UsuarioAleatorioDAO:82 - Se termino de cargar la lista de usuarios del archivo 
14:37:07,100  INFO RelacionAleatorioDAO:59 - Se termino de leer el archivo relaciones 
14:37:07,122  INFO UsuarioAleatorioDAO:60 - Se termino de leer el archivo usuarios 
14:37:07,154  INFO UsuarioAleatorioDAO:82 - Se termino de cargar la lista de usuarios del archivo 
14:37:07,177  INFO RelacionAleatorioDAO:83 - Se termino de cargar la lista de relaciones del archivo 
14:45:08,337  INFO UsuarioAleatorioDAO:60 - Se termino de leer el archivo usuarios 
14:45:08,357  INFO UsuarioAleatorioDAO:82 - Se termino de cargar la lista de usuarios del archivo 
14:45:08,381  INFO UsuarioAleatorioDAO:60 - Se termino de leer el archivo usuarios 
14:45:08,400  INFO UsuarioAleatorioDAO:82 - Se termino de cargar la lista de usuarios del archivo 
14:45:08,409  INFO RelacionAleatorioDAO:59 - Se termino de leer el archivo relaciones 
14:45:08,425  INFO UsuarioAleatorioDAO:60 - Se termino de leer el archivo usuarios 
14:45:08,441  INFO UsuarioAleatorioDAO:82 - Se termino de cargar la lista de usuarios del archivo 
14:45:08,450  INFO RelacionAleatorioDAO:83 - Se termino de cargar la lista de relaciones del archivo 
14:46:31,134  INFO UsuarioAleatorioDAO:60 - Se termino de leer el archivo usuarios 
14:46:31,158  INFO UsuarioAleatorioDAO:82 - Se termino de cargar la lista de usuarios del archivo 
14:46:31,180  INFO UsuarioAleatorioDAO:60 - Se termino de leer el archivo usuarios 
14:46:31,197  INFO UsuarioAleatorioDAO:82 - Se termino de cargar la lista de usuarios del archivo 
14:46:31,206  INFO RelacionAleatorioDAO:59 - Se termino de leer el archivo relaciones 
14:46:31,224  INFO UsuarioAleatorioDAO:60 - Se termino de leer el archivo usuarios 
14:46:31,254  INFO UsuarioAleatorioDAO:82 - Se termino de cargar la lista de usuarios del archivo 
14:46:31,269  INFO RelacionAleatorioDAO:83 - Se termino de cargar la lista de relaciones del archivo 
14:49:03,319  INFO UsuarioAleatorioDAO:60 - Se termino de leer el archivo usuarios 
14:49:03,366  INFO UsuarioAleatorioDAO:82 - Se termino de cargar la lista de usuarios del archivo 
14:49:03,411  INFO UsuarioAleatorioDAO:60 - Se termino de leer el archivo usuarios 
14:49:03,436  INFO UsuarioAleatorioDAO:82 - Se termino de cargar la lista de usuarios del archivo 
14:49:03,448  INFO RelacionAleatorioDAO:59 - Se termino de leer el archivo relaciones 
14:49:03,483  INFO UsuarioAleatorioDAO:60 - Se termino de leer el archivo usuarios 
14:49:03,511  INFO UsuarioAleatorioDAO:82 - Se termino de cargar la lista de usuarios del archivo 
14:49:03,518  INFO RelacionAleatorioDAO:83 - Se termino de cargar la lista de relaciones del archivo 
14:52:16,433  INFO UsuarioAleatorioDAO:60 - Se termino de leer el archivo usuarios 
14:52:16,453  INFO UsuarioAleatorioDAO:82 - Se termino de cargar la lista de usuarios del archivo 
14:52:16,483  INFO UsuarioAleatorioDAO:60 - Se termino de leer el archivo usuarios 
14:52:16,521  INFO UsuarioAleatorioDAO:82 - Se termino de cargar la lista de usuarios del archivo 
14:52:16,537  INFO RelacionAleatorioDAO:59 - Se termino de leer el archivo relaciones 
14:52:16,563  INFO UsuarioAleatorioDAO:60 - Se termino de leer el archivo usuarios 
14:52:16,588  INFO UsuarioAleatorioDAO:82 - Se termino de cargar la lista de usuarios del archivo 
14:52:16,600  INFO RelacionAleatorioDAO:83 - Se termino de cargar la lista de relaciones del archivo 
14:54:37,722  INFO UsuarioAleatorioDAO:60 - Se termino de leer el archivo usuarios 
14:54:37,772  INFO UsuarioAleatorioDAO:82 - Se termino de cargar la lista de usuarios del archivo 
14:54:37,813  INFO UsuarioAleatorioDAO:60 - Se termino de leer el archivo usuarios 
14:54:37,845  INFO UsuarioAleatorioDAO:82 - Se termino de cargar la lista de usuarios del archivo 
14:54:37,865  INFO RelacionAleatorioDAO:59 - Se termino de leer el archivo relaciones 
14:54:37,901  INFO UsuarioAleatorioDAO:60 - Se termino de leer el archivo usuarios 
14:54:37,937  INFO UsuarioAleatorioDAO:82 - Se termino de cargar la lista de usuarios del archivo 
14:54:37,954  INFO RelacionAleatorioDAO:83 - Se termino de cargar la lista de relaciones del archivo 
14:55:10,337  INFO UsuarioAleatorioDAO:60 - Se termino de leer el archivo usuarios 
14:55:10,388  INFO UsuarioAleatorioDAO:82 - Se termino de cargar la lista de usuarios del archivo 
14:55:10,438  INFO UsuarioAleatorioDAO:60 - Se termino de leer el archivo usuarios 
14:55:10,473  INFO UsuarioAleatorioDAO:82 - Se termino de cargar la lista de usuarios del archivo 
14:55:10,483  INFO RelacionAleatorioDAO:59 - Se termino de leer el archivo relaciones 
14:55:10,500  INFO UsuarioAleatorioDAO:60 - Se termino de leer el archivo usuarios 
14:55:10,520  INFO UsuarioAleatorioDAO:82 - Se termino de cargar la lista de usuarios del archivo 
14:55:10,532  INFO RelacionAleatorioDAO:83 - Se termino de cargar la lista de relaciones del archivo 
14:57:12,887  INFO UsuarioAleatorioDAO:60 - Se termino de leer el archivo usuarios 
14:57:12,913  INFO UsuarioAleatorioDAO:82 - Se termino de cargar la lista de usuarios del archivo 
14:57:12,936  INFO UsuarioAleatorioDAO:60 - Se termino de leer el archivo usuarios 
14:57:12,958  INFO UsuarioAleatorioDAO:82 - Se termino de cargar la lista de usuarios del archivo 
14:57:12,968  INFO RelacionAleatorioDAO:59 - Se termino de leer el archivo relaciones 
14:57:12,984  INFO UsuarioAleatorioDAO:60 - Se termino de leer el archivo usuarios 
14:57:13,010  INFO UsuarioAleatorioDAO:82 - Se termino de cargar la lista de usuarios del archivo 
14:57:13,027  INFO RelacionAleatorioDAO:83 - Se termino de cargar la lista de relaciones del archivo 
14:57:35,658  INFO Calculo:315 - No se actualizaron los datos
14:57:35,667  INFO Calculo:315 - No se actualizaron los datos
14:57:35,673  INFO Calculo:315 - No se actualizaron los datos
14:57:35,673  INFO Calculo:315 - No se actualizaron los datos
14:57:35,674  INFO Calculo:315 - No se actualizaron los datos
14:57:35,674  INFO Calculo:315 - No se actualizaron los datos
14:57:35,674  INFO Calculo:315 - No se actualizaron los datos
14:57:35,675  INFO Calculo:315 - No se actualizaron los datos
14:57:35,675  INFO Calculo:315 - No se actualizaron los datos
14:57:35,675  INFO Calculo:315 - No se actualizaron los datos
14:57:35,675  INFO Calculo:315 - No se actualizaron los datos
14:57:35,675  INFO Calculo:315 - No se actualizaron los datos
14:57:35,676  INFO Calculo:315 - No se actualizaron los datos
14:57:35,676  INFO Calculo:315 - No se actualizaron los datos
14:57:35,676  INFO Calculo:315 - No se actualizaron los datos
14:57:35,677  INFO Calculo:315 - No se actualizaron los datos
14:57:35,677  INFO Calculo:315 - No se actualizaron los datos
14:57:35,677  INFO Calculo:315 - No se actualizaron los datos
14:57:35,677  INFO Calculo:315 - No se actualizaron los datos
14:57:35,677  INFO Calculo:315 - No se actualizaron los datos
14:57:35,678  INFO Calculo:315 - No se actualizaron los datos
14:57:35,678  INFO Calculo:315 - No se actualizaron los datos
14:57:35,678  INFO Calculo:315 - No se actualizaron los datos
14:57:35,678  INFO Calculo:315 - No se actualizaron los datos
14:57:35,678  INFO Calculo:315 - No se actualizaron los datos
14:57:36,866  INFO Calculo:315 - No se actualizaron los datos
14:59:49,178  INFO UsuarioAleatorioDAO:60 - Se termino de leer el archivo usuarios 
14:59:49,197  INFO UsuarioAleatorioDAO:82 - Se termino de cargar la lista de usuarios del archivo 
14:59:49,219  INFO UsuarioAleatorioDAO:60 - Se termino de leer el archivo usuarios 
14:59:49,251  INFO UsuarioAleatorioDAO:82 - Se termino de cargar la lista de usuarios del archivo 
14:59:49,265  INFO RelacionAleatorioDAO:59 - Se termino de leer el archivo relaciones 
14:59:49,301  INFO UsuarioAleatorioDAO:60 - Se termino de leer el archivo usuarios 
14:59:49,336  INFO UsuarioAleatorioDAO:82 - Se termino de cargar la lista de usuarios del archivo 
14:59:49,353  INFO RelacionAleatorioDAO:83 - Se termino de cargar la lista de relaciones del archivo 
15:02:09,510  INFO UsuarioAleatorioDAO:60 - Se termino de leer el archivo usuarios 
15:02:09,532  INFO UsuarioAleatorioDAO:82 - Se termino de cargar la lista de usuarios del archivo 
15:02:09,555  INFO UsuarioAleatorioDAO:60 - Se termino de leer el archivo usuarios 
15:02:09,581  INFO UsuarioAleatorioDAO:82 - Se termino de cargar la lista de usuarios del archivo 
15:02:09,598  INFO RelacionAleatorioDAO:59 - Se termino de leer el archivo relaciones 
15:02:09,638  INFO UsuarioAleatorioDAO:60 - Se termino de leer el archivo usuarios 
15:02:09,680  INFO UsuarioAleatorioDAO:82 - Se termino de cargar la lista de usuarios del archivo 
15:02:09,702  INFO RelacionAleatorioDAO:83 - Se termino de cargar la lista de relaciones del archivo 
15:02:26,162  INFO Calculo:315 - No se actualizaron los datos
15:02:26,162  INFO Calculo:315 - No se actualizaron los datos
15:02:26,164  INFO Calculo:315 - No se actualizaron los datos
15:02:26,164  INFO Calculo:315 - No se actualizaron los datos
15:02:26,165  INFO Calculo:315 - No se actualizaron los datos
15:02:26,165  INFO Calculo:315 - No se actualizaron los datos
15:02:26,166  INFO Calculo:315 - No se actualizaron los datos
15:02:26,166  INFO Calculo:315 - No se actualizaron los datos
15:02:26,167  INFO Calculo:315 - No se actualizaron los datos
15:02:26,167  INFO Calculo:315 - No se actualizaron los datos
15:02:26,167  INFO Calculo:315 - No se actualizaron los datos
15:02:26,168  INFO Calculo:315 - No se actualizaron los datos
15:02:26,168  INFO Calculo:315 - No se actualizaron los datos
15:02:30,941  INFO Calculo:315 - No se actualizaron los datos
15:02:30,942  INFO Calculo:315 - No se actualizaron los datos
15:02:30,966  INFO Calculo:315 - No se actualizaron los datos
15:02:30,967  INFO Calculo:315 - No se actualizaron los datos
15:02:47,812  INFO UsuarioAleatorioDAO:60 - Se termino de leer el archivo usuarios 
15:02:47,837  INFO UsuarioAleatorioDAO:82 - Se termino de cargar la lista de usuarios del archivo 
15:02:47,873  INFO UsuarioAleatorioDAO:60 - Se termino de leer el archivo usuarios 
15:02:47,890  INFO UsuarioAleatorioDAO:82 - Se termino de cargar la lista de usuarios del archivo 
15:02:47,907  INFO RelacionAleatorioDAO:59 - Se termino de leer el archivo relaciones 
15:02:47,925  INFO UsuarioAleatorioDAO:60 - Se termino de leer el archivo usuarios 
15:02:47,949  INFO UsuarioAleatorioDAO:82 - Se termino de cargar la lista de usuarios del archivo 
15:02:47,962  INFO RelacionAleatorioDAO:83 - Se termino de cargar la lista de relaciones del archivo 
15:03:04,348  INFO Calculo:315 - No se actualizaron los datos
15:03:04,349  INFO Calculo:315 - No se actualizaron los datos
15:03:04,350  INFO Calculo:315 - No se actualizaron los datos
15:03:04,351  INFO Calculo:315 - No se actualizaron los datos
15:03:04,351  INFO Calculo:315 - No se actualizaron los datos
15:03:04,351  INFO Calculo:315 - No se actualizaron los datos
15:03:04,352  INFO Calculo:315 - No se actualizaron los datos
15:03:04,353  INFO Calculo:315 - No se actualizaron los datos
15:03:04,353  INFO Calculo:315 - No se actualizaron los datos
15:03:04,354  INFO Calculo:315 - No se actualizaron los datos
15:03:04,354  INFO Calculo:315 - No se actualizaron los datos
15:03:04,354  INFO Calculo:315 - No se actualizaron los datos
15:03:04,355  INFO Calculo:315 - No se actualizaron los datos
15:03:06,989  INFO Calculo:315 - No se actualizaron los datos
15:03:06,993  INFO Calculo:315 - No se actualizaron los datos
15:06:22,086  INFO UsuarioAleatorioDAO:60 - Se termino de leer el archivo usuarios 
15:06:22,127  INFO UsuarioAleatorioDAO:82 - Se termino de cargar la lista de usuarios del archivo 
15:06:22,167  INFO UsuarioAleatorioDAO:60 - Se termino de leer el archivo usuarios 
15:06:22,212  INFO UsuarioAleatorioDAO:82 - Se termino de cargar la lista de usuarios del archivo 
15:06:22,233  INFO RelacionAleatorioDAO:59 - Se termino de leer el archivo relaciones 
15:06:22,277  INFO UsuarioAleatorioDAO:60 - Se termino de leer el archivo usuarios 
15:06:22,320  INFO UsuarioAleatorioDAO:82 - Se termino de cargar la lista de usuarios del archivo 
15:06:22,338  INFO RelacionAleatorioDAO:83 - Se termino de cargar la lista de relaciones del archivo 
15:07:07,864  INFO UsuarioAleatorioDAO:60 - Se termino de leer el archivo usuarios 
15:07:07,884  INFO UsuarioAleatorioDAO:82 - Se termino de cargar la lista de usuarios del archivo 
15:07:07,909  INFO UsuarioAleatorioDAO:60 - Se termino de leer el archivo usuarios 
15:07:07,930  INFO UsuarioAleatorioDAO:82 - Se termino de cargar la lista de usuarios del archivo 
15:07:07,940  INFO RelacionAleatorioDAO:59 - Se termino de leer el archivo relaciones 
15:07:07,957  INFO UsuarioAleatorioDAO:60 - Se termino de leer el archivo usuarios 
15:07:07,976  INFO UsuarioAleatorioDAO:82 - Se termino de cargar la lista de usuarios del archivo 
15:07:07,987  INFO RelacionAleatorioDAO:83 - Se termino de cargar la lista de relaciones del archivo 
15:07:34,481  INFO Calculo:315 - No se actualizaron los datos
15:08:04,722  INFO UsuarioAleatorioDAO:60 - Se termino de leer el archivo usuarios 
15:08:04,745  INFO UsuarioAleatorioDAO:82 - Se termino de cargar la lista de usuarios del archivo 
15:08:04,770  INFO UsuarioAleatorioDAO:60 - Se termino de leer el archivo usuarios 
15:08:04,810  INFO UsuarioAleatorioDAO:82 - Se termino de cargar la lista de usuarios del archivo 
15:08:04,836  INFO RelacionAleatorioDAO:59 - Se termino de leer el archivo relaciones 
15:08:04,874  INFO UsuarioAleatorioDAO:60 - Se termino de leer el archivo usuarios 
15:08:04,901  INFO UsuarioAleatorioDAO:82 - Se termino de cargar la lista de usuarios del archivo 
15:08:04,911  INFO RelacionAleatorioDAO:83 - Se termino de cargar la lista de relaciones del archivo 
15:10:01,318  INFO UsuarioAleatorioDAO:60 - Se termino de leer el archivo usuarios 
15:10:01,362  INFO UsuarioAleatorioDAO:82 - Se termino de cargar la lista de usuarios del archivo 
15:10:01,405  INFO UsuarioAleatorioDAO:60 - Se termino de leer el archivo usuarios 
15:10:01,443  INFO UsuarioAleatorioDAO:82 - Se termino de cargar la lista de usuarios del archivo 
15:10:01,463  INFO RelacionAleatorioDAO:59 - Se termino de leer el archivo relaciones 
15:10:01,481  INFO UsuarioAleatorioDAO:60 - Se termino de leer el archivo usuarios 
15:10:01,497  INFO UsuarioAleatorioDAO:82 - Se termino de cargar la lista de usuarios del archivo 
15:10:01,505  INFO RelacionAleatorioDAO:83 - Se termino de cargar la lista de relaciones del archivo 
15:10:13,259  INFO UsuarioAleatorioDAO:60 - Se termino de leer el archivo usuarios 
15:10:13,287  INFO UsuarioAleatorioDAO:82 - Se termino de cargar la lista de usuarios del archivo 
15:10:13,316  INFO UsuarioAleatorioDAO:60 - Se termino de leer el archivo usuarios 
15:10:13,334  INFO UsuarioAleatorioDAO:82 - Se termino de cargar la lista de usuarios del archivo 
15:10:13,345  INFO RelacionAleatorioDAO:59 - Se termino de leer el archivo relaciones 
15:10:13,367  INFO UsuarioAleatorioDAO:60 - Se termino de leer el archivo usuarios 
15:10:13,392  INFO UsuarioAleatorioDAO:82 - Se termino de cargar la lista de usuarios del archivo 
15:10:13,398  INFO RelacionAleatorioDAO:83 - Se termino de cargar la lista de relaciones del archivo 
15:10:37,794  INFO UsuarioAleatorioDAO:60 - Se termino de leer el archivo usuarios 
15:10:37,818  INFO UsuarioAleatorioDAO:82 - Se termino de cargar la lista de usuarios del archivo 
15:10:37,853  INFO UsuarioAleatorioDAO:60 - Se termino de leer el archivo usuarios 
15:10:37,895  INFO UsuarioAleatorioDAO:82 - Se termino de cargar la lista de usuarios del archivo 
15:10:37,919  INFO RelacionAleatorioDAO:59 - Se termino de leer el archivo relaciones 
15:10:37,955  INFO UsuarioAleatorioDAO:60 - Se termino de leer el archivo usuarios 
15:10:37,985  INFO UsuarioAleatorioDAO:82 - Se termino de cargar la lista de usuarios del archivo 
15:10:37,997  INFO RelacionAleatorioDAO:83 - Se termino de cargar la lista de relaciones del archivo 
15:12:01,774  INFO UsuarioAleatorioDAO:60 - Se termino de leer el archivo usuarios 
15:12:01,796  INFO UsuarioAleatorioDAO:82 - Se termino de cargar la lista de usuarios del archivo 
15:12:01,824  INFO UsuarioAleatorioDAO:60 - Se termino de leer el archivo usuarios 
15:12:01,841  INFO UsuarioAleatorioDAO:82 - Se termino de cargar la lista de usuarios del archivo 
15:12:01,852  INFO RelacionAleatorioDAO:59 - Se termino de leer el archivo relaciones 
15:12:01,869  INFO UsuarioAleatorioDAO:60 - Se termino de leer el archivo usuarios 
15:12:01,884  INFO UsuarioAleatorioDAO:82 - Se termino de cargar la lista de usuarios del archivo 
15:12:01,892  INFO RelacionAleatorioDAO:83 - Se termino de cargar la lista de relaciones del archivo 
15:12:21,656  INFO Calculo:315 - No se actualizaron los datos
15:12:21,657  INFO Calculo:315 - No se actualizaron los datos
15:12:21,658  INFO Calculo:315 - No se actualizaron los datos
15:12:21,659  INFO Calculo:315 - No se actualizaron los datos
15:12:21,659  INFO Calculo:315 - No se actualizaron los datos
15:12:21,659  INFO Calculo:315 - No se actualizaron los datos
15:12:21,659  INFO Calculo:315 - No se actualizaron los datos
15:12:21,660  INFO Calculo:315 - No se actualizaron los datos
15:12:21,660  INFO Calculo:315 - No se actualizaron los datos
15:12:21,660  INFO Calculo:315 - No se actualizaron los datos
15:12:21,660  INFO Calculo:315 - No se actualizaron los datos
15:12:21,661  INFO Calculo:315 - No se actualizaron los datos
15:12:21,661  INFO Calculo:315 - No se actualizaron los datos
15:12:22,011  INFO Calculo:315 - No se actualizaron los datos
15:12:22,017  INFO Calculo:315 - No se actualizaron los datos
15:12:22,023  INFO Calculo:315 - No se actualizaron los datos
15:12:22,023  INFO Calculo:315 - No se actualizaron los datos
15:12:22,023  INFO Calculo:315 - No se actualizaron los datos
15:12:22,023  INFO Calculo:315 - No se actualizaron los datos
15:12:22,023  INFO Calculo:315 - No se actualizaron los datos
15:12:22,024  INFO Calculo:315 - No se actualizaron los datos
15:12:22,024  INFO Calculo:315 - No se actualizaron los datos
15:12:22,024  INFO Calculo:315 - No se actualizaron los datos
15:12:22,024  INFO Calculo:315 - No se actualizaron los datos
15:12:22,024  INFO Calculo:315 - No se actualizaron los datos
15:12:22,024  INFO Calculo:315 - No se actualizaron los datos
15:12:22,025  INFO Calculo:315 - No se actualizaron los datos
15:12:22,025  INFO Calculo:315 - No se actualizaron los datos
15:12:22,025  INFO Calculo:315 - No se actualizaron los datos
15:12:22,026  INFO Calculo:315 - No se actualizaron los datos
15:12:22,026  INFO Calculo:315 - No se actualizaron los datos
15:12:22,026  INFO Calculo:315 - No se actualizaron los datos
15:12:22,026  INFO Calculo:315 - No se actualizaron los datos
15:12:22,026  INFO Calculo:315 - No se actualizaron los datos
15:12:22,027  INFO Calculo:315 - No se actualizaron los datos
15:12:22,027  INFO Calculo:315 - No se actualizaron los datos
15:12:22,027  INFO Calculo:315 - No se actualizaron los datos
15:12:22,027  INFO Calculo:315 - No se actualizaron los datos
15:14:07,222  INFO UsuarioAleatorioDAO:60 - Se termino de leer el archivo usuarios 
15:14:07,244  INFO UsuarioAleatorioDAO:82 - Se termino de cargar la lista de usuarios del archivo 
15:14:07,264  INFO UsuarioAleatorioDAO:60 - Se termino de leer el archivo usuarios 
15:14:07,280  INFO UsuarioAleatorioDAO:82 - Se termino de cargar la lista de usuarios del archivo 
15:14:07,292  INFO RelacionAleatorioDAO:59 - Se termino de leer el archivo relaciones 
15:14:07,307  INFO UsuarioAleatorioDAO:60 - Se termino de leer el archivo usuarios 
15:14:07,324  INFO UsuarioAleatorioDAO:82 - Se termino de cargar la lista de usuarios del archivo 
15:14:07,335  INFO RelacionAleatorioDAO:83 - Se termino de cargar la lista de relaciones del archivo 
15:14:24,388  INFO Calculo:315 - No se actualizaron los datos
15:14:24,395  INFO Calculo:315 - No se actualizaron los datos
15:14:24,402  INFO Calculo:315 - No se actualizaron los datos
15:14:24,402  INFO Calculo:315 - No se actualizaron los datos
15:14:24,403  INFO Calculo:315 - No se actualizaron los datos
15:14:24,403  INFO Calculo:315 - No se actualizaron los datos
15:14:24,403  INFO Calculo:315 - No se actualizaron los datos
15:14:24,403  INFO Calculo:315 - No se actualizaron los datos
15:14:24,404  INFO Calculo:315 - No se actualizaron los datos
15:14:24,404  INFO Calculo:315 - No se actualizaron los datos
15:14:24,404  INFO Calculo:315 - No se actualizaron los datos
15:14:24,405  INFO Calculo:315 - No se actualizaron los datos
15:14:24,405  INFO Calculo:315 - No se actualizaron los datos
15:14:24,405  INFO Calculo:315 - No se actualizaron los datos
15:14:24,406  INFO Calculo:315 - No se actualizaron los datos
15:14:24,406  INFO Calculo:315 - No se actualizaron los datos
15:14:24,406  INFO Calculo:315 - No se actualizaron los datos
15:14:24,406  INFO Calculo:315 - No se actualizaron los datos
15:14:24,406  INFO Calculo:315 - No se actualizaron los datos
15:14:24,407  INFO Calculo:315 - No se actualizaron los datos
15:14:24,407  INFO Calculo:315 - No se actualizaron los datos
15:14:24,407  INFO Calculo:315 - No se actualizaron los datos
15:14:24,407  INFO Calculo:315 - No se actualizaron los datos
15:14:24,407  INFO Calculo:315 - No se actualizaron los datos
15:14:24,408  INFO Calculo:315 - No se actualizaron los datos
15:14:29,625  INFO Calculo:315 - No se actualizaron los datos
15:14:29,626  INFO Calculo:315 - No se actualizaron los datos
15:25:44,841  INFO UsuarioAleatorioDAO:60 - Se termino de leer el archivo usuarios 
15:25:44,862  INFO UsuarioAleatorioDAO:82 - Se termino de cargar la lista de usuarios del archivo 
15:25:44,889  INFO UsuarioAleatorioDAO:60 - Se termino de leer el archivo usuarios 
15:25:44,918  INFO UsuarioAleatorioDAO:82 - Se termino de cargar la lista de usuarios del archivo 
15:25:44,941  INFO RelacionAleatorioDAO:59 - Se termino de leer el archivo relaciones 
15:25:44,981  INFO UsuarioAleatorioDAO:60 - Se termino de leer el archivo usuarios 
15:25:45,016  INFO UsuarioAleatorioDAO:82 - Se termino de cargar la lista de usuarios del archivo 
15:25:45,027  INFO RelacionAleatorioDAO:83 - Se termino de cargar la lista de relaciones del archivo 
15:25:59,764  INFO Calculo:315 - No se actualizaron los datos
15:25:59,764  INFO Calculo:315 - No se actualizaron los datos
15:25:59,765  INFO Calculo:315 - No se actualizaron los datos
15:25:59,765  INFO Calculo:315 - No se actualizaron los datos
15:25:59,765  INFO Calculo:315 - No se actualizaron los datos
15:25:59,765  INFO Calculo:315 - No se actualizaron los datos
15:25:59,765  INFO Calculo:315 - No se actualizaron los datos
15:25:59,765  INFO Calculo:315 - No se actualizaron los datos
15:25:59,765  INFO Calculo:315 - No se actualizaron los datos
15:25:59,765  INFO Calculo:315 - No se actualizaron los datos
15:25:59,766  INFO Calculo:315 - No se actualizaron los datos
15:25:59,766  INFO Calculo:315 - No se actualizaron los datos
15:25:59,766  INFO Calculo:315 - No se actualizaron los datos
15:26:05,353  INFO Calculo:315 - No se actualizaron los datos
15:26:05,359  INFO Calculo:315 - No se actualizaron los datos
15:26:10,727  INFO Calculo:315 - No se actualizaron los datos
15:26:28,730  INFO Calculo:315 - No se actualizaron los datos
15:26:28,730  INFO Calculo:315 - No se actualizaron los datos
15:26:29,325  INFO Calculo:315 - No se actualizaron los datos
15:26:59,723  INFO Calculo:315 - No se actualizaron los datos
15:26:59,723  INFO Calculo:315 - No se actualizaron los datos
15:26:59,742  INFO Calculo:315 - No se actualizaron los datos
15:26:59,743  INFO Calculo:315 - No se actualizaron los datos
15:27:02,263  INFO Calculo:315 - No se actualizaron los datos
15:27:02,264  INFO Calculo:315 - No se actualizaron los datos
10:39:33,412  INFO UsuarioAleatorioDAO:60 - Se termino de leer el archivo usuarios 
10:39:33,450  INFO UsuarioAleatorioDAO:82 - Se termino de cargar la lista de usuarios del archivo 
10:39:33,482  INFO UsuarioAleatorioDAO:60 - Se termino de leer el archivo usuarios 
10:39:33,501  INFO UsuarioAleatorioDAO:82 - Se termino de cargar la lista de usuarios del archivo 
10:39:33,514  INFO RelacionAleatorioDAO:59 - Se termino de leer el archivo relaciones 
10:39:33,544  INFO UsuarioAleatorioDAO:60 - Se termino de leer el archivo usuarios 
10:39:33,572  INFO UsuarioAleatorioDAO:82 - Se termino de cargar la lista de usuarios del archivo 
10:39:33,588  INFO RelacionAleatorioDAO:83 - Se termino de cargar la lista de relaciones del archivo 
10:39:51,920  INFO Calculo:315 - No se actualizaron los datos
10:39:51,921  INFO Calculo:315 - No se actualizaron los datos
10:39:51,922  INFO Calculo:315 - No se actualizaron los datos
10:39:51,922  INFO Calculo:315 - No se actualizaron los datos
10:39:51,922  INFO Calculo:315 - No se actualizaron los datos
10:39:51,923  INFO Calculo:315 - No se actualizaron los datos
10:39:51,923  INFO Calculo:315 - No se actualizaron los datos
10:39:51,923  INFO Calculo:315 - No se actualizaron los datos
10:39:51,923  INFO Calculo:315 - No se actualizaron los datos
10:39:51,924  INFO Calculo:315 - No se actualizaron los datos
10:39:51,924  INFO Calculo:315 - No se actualizaron los datos
10:39:51,924  INFO Calculo:315 - No se actualizaron los datos
10:39:51,924  INFO Calculo:315 - No se actualizaron los datos
10:39:54,752  INFO Calculo:315 - No se actualizaron los datos
10:39:54,758  INFO Calculo:315 - No se actualizaron los datos
10:39:54,762  INFO Calculo:315 - No se actualizaron los datos
10:39:54,762  INFO Calculo:315 - No se actualizaron los datos
10:39:54,762  INFO Calculo:315 - No se actualizaron los datos
10:39:54,762  INFO Calculo:315 - No se actualizaron los datos
10:39:54,762  INFO Calculo:315 - No se actualizaron los datos
10:39:54,762  INFO Calculo:315 - No se actualizaron los datos
10:39:54,762  INFO Calculo:315 - No se actualizaron los datos
10:39:54,762  INFO Calculo:315 - No se actualizaron los datos
10:39:54,762  INFO Calculo:315 - No se actualizaron los datos
10:39:54,762  INFO Calculo:315 - No se actualizaron los datos
10:39:54,763  INFO Calculo:315 - No se actualizaron los datos
10:39:54,763  INFO Calculo:315 - No se actualizaron los datos
10:39:54,763  INFO Calculo:315 - No se actualizaron los datos
10:39:54,763  INFO Calculo:315 - No se actualizaron los datos
10:39:54,763  INFO Calculo:315 - No se actualizaron los datos
10:39:54,763  INFO Calculo:315 - No se actualizaron los datos
10:39:54,763  INFO Calculo:315 - No se actualizaron los datos
10:39:54,763  INFO Calculo:315 - No se actualizaron los datos
10:39:54,763  INFO Calculo:315 - No se actualizaron los datos
10:39:54,763  INFO Calculo:315 - No se actualizaron los datos
10:39:54,764  INFO Calculo:315 - No se actualizaron los datos
10:39:54,764  INFO Calculo:315 - No se actualizaron los datos
10:39:54,764  INFO Calculo:315 - No se actualizaron los datos
10:44:05,526  INFO UsuarioAleatorioDAO:60 - Se termino de leer el archivo usuarios 
10:44:05,551  INFO UsuarioAleatorioDAO:82 - Se termino de cargar la lista de usuarios del archivo 
10:44:05,573  INFO UsuarioAleatorioDAO:60 - Se termino de leer el archivo usuarios 
10:44:05,592  INFO UsuarioAleatorioDAO:82 - Se termino de cargar la lista de usuarios del archivo 
10:44:05,605  INFO RelacionAleatorioDAO:59 - Se termino de leer el archivo relaciones 
10:44:05,628  INFO UsuarioAleatorioDAO:60 - Se termino de leer el archivo usuarios 
10:44:05,649  INFO UsuarioAleatorioDAO:82 - Se termino de cargar la lista de usuarios del archivo 
10:44:05,659  INFO RelacionAleatorioDAO:83 - Se termino de cargar la lista de relaciones del archivo 
10:44:16,660  INFO RedSocial:38 - Se agrego el usuario XXX al archivo
10:44:16,666  INFO UsuariosForm:405 - Se agrego el usuario:XXX al frame
10:44:26,613  INFO RedSocial:77 - Se borro el usuario XXX del archivo
10:44:26,619  INFO UsuariosForm:340 - Se borro el usuario:XXX del frame
10:46:32,330  INFO UsuarioAleatorioDAO:60 - Se termino de leer el archivo usuarios 
10:46:32,349  INFO UsuarioAleatorioDAO:82 - Se termino de cargar la lista de usuarios del archivo 
10:46:32,376  INFO UsuarioAleatorioDAO:60 - Se termino de leer el archivo usuarios 
10:46:32,396  INFO UsuarioAleatorioDAO:82 - Se termino de cargar la lista de usuarios del archivo 
10:46:32,405  INFO RelacionAleatorioDAO:59 - Se termino de leer el archivo relaciones 
10:46:32,422  INFO UsuarioAleatorioDAO:60 - Se termino de leer el archivo usuarios 
10:46:32,439  INFO UsuarioAleatorioDAO:82 - Se termino de cargar la lista de usuarios del archivo 
10:46:32,448  INFO RelacionAleatorioDAO:83 - Se termino de cargar la lista de relaciones del archivo 
10:46:43,441  INFO RedSocial:38 - Se agrego el usuario XXX al archivo
10:46:43,449  INFO UsuariosForm:405 - Se agrego el usuario:XXX al frame
10:46:55,502  INFO RedSocial:77 - Se borro el usuario XXX del archivo
10:46:55,509  INFO UsuariosForm:340 - Se borro el usuario:XXX del frame
10:56:50,960  INFO UsuarioAleatorioDAO:60 - Se termino de leer el archivo usuarios 
10:56:50,986  INFO UsuarioAleatorioDAO:82 - Se termino de cargar la lista de usuarios del archivo 
10:56:51,009  INFO UsuarioAleatorioDAO:60 - Se termino de leer el archivo usuarios 
10:56:51,028  INFO UsuarioAleatorioDAO:82 - Se termino de cargar la lista de usuarios del archivo 
10:56:51,039  INFO RelacionAleatorioDAO:59 - Se termino de leer el archivo relaciones 
10:56:51,060  INFO UsuarioAleatorioDAO:60 - Se termino de leer el archivo usuarios 
10:56:51,084  INFO UsuarioAleatorioDAO:82 - Se termino de cargar la lista de usuarios del archivo 
10:56:51,097  INFO RelacionAleatorioDAO:83 - Se termino de cargar la lista de relaciones del archivo 
10:57:16,561  INFO RedSocial:38 - Se agrego el usuario XXX al archivo
10:57:16,571  INFO UsuariosForm:405 - Se agrego el usuario:XXX al frame
10:57:26,581  INFO RedSocial:77 - Se borro el usuario XXX del archivo
10:57:26,586  INFO UsuariosForm:340 - Se borro el usuario:XXX del frame
10:58:31,830  INFO UsuarioAleatorioDAO:60 - Se termino de leer el archivo usuarios 
10:58:31,898  INFO UsuarioAleatorioDAO:82 - Se termino de cargar la lista de usuarios del archivo 
10:58:31,940  INFO UsuarioAleatorioDAO:60 - Se termino de leer el archivo usuarios 
10:58:31,963  INFO UsuarioAleatorioDAO:82 - Se termino de cargar la lista de usuarios del archivo 
10:58:31,976  INFO RelacionAleatorioDAO:59 - Se termino de leer el archivo relaciones 
10:58:31,996  INFO UsuarioAleatorioDAO:60 - Se termino de leer el archivo usuarios 
10:58:32,013  INFO UsuarioAleatorioDAO:82 - Se termino de cargar la lista de usuarios del archivo 
10:58:32,020  INFO RelacionAleatorioDAO:83 - Se termino de cargar la lista de relaciones del archivo 
10:59:00,978  INFO UsuarioAleatorioDAO:60 - Se termino de leer el archivo usuarios 
10:59:01,011  INFO UsuarioAleatorioDAO:82 - Se termino de cargar la lista de usuarios del archivo 
10:59:01,040  INFO UsuarioAleatorioDAO:60 - Se termino de leer el archivo usuarios 
10:59:01,058  INFO UsuarioAleatorioDAO:82 - Se termino de cargar la lista de usuarios del archivo 
10:59:01,067  INFO RelacionAleatorioDAO:59 - Se termino de leer el archivo relaciones 
10:59:01,084  INFO UsuarioAleatorioDAO:60 - Se termino de leer el archivo usuarios 
10:59:01,103  INFO UsuarioAleatorioDAO:82 - Se termino de cargar la lista de usuarios del archivo 
10:59:01,115  INFO RelacionAleatorioDAO:83 - Se termino de cargar la lista de relaciones del archivo 
11:00:14,084  INFO UsuarioAleatorioDAO:60 - Se termino de leer el archivo usuarios 
11:00:14,105  INFO UsuarioAleatorioDAO:82 - Se termino de cargar la lista de usuarios del archivo 
11:00:14,130  INFO UsuarioAleatorioDAO:60 - Se termino de leer el archivo usuarios 
11:00:14,151  INFO UsuarioAleatorioDAO:82 - Se termino de cargar la lista de usuarios del archivo 
11:00:14,160  INFO RelacionAleatorioDAO:59 - Se termino de leer el archivo relaciones 
11:00:14,178  INFO UsuarioAleatorioDAO:60 - Se termino de leer el archivo usuarios 
11:00:14,204  INFO UsuarioAleatorioDAO:82 - Se termino de cargar la lista de usuarios del archivo 
11:00:14,212  INFO RelacionAleatorioDAO:83 - Se termino de cargar la lista de relaciones del archivo 
11:00:24,920  INFO RedSocial:38 - Se agrego el usuario XXX al archivo
11:00:24,930  INFO UsuariosForm:405 - Se agrego el usuario:XXX al frame
11:00:37,493  INFO RedSocial:54 - Se modifico el usuario XXX del archivo
11:00:37,501  INFO UsuariosForm:410 - Se modifico el usuario:XXX del frame
11:00:45,796  INFO Calculo:313 - Se actualizaron los datos para realizar calculos
11:00:45,798  INFO Calculo:315 - No se actualizaron los datos
11:01:00,060  INFO RedSocial:38 - Se agrego el usuario DDD al archivo
11:01:00,066  INFO UsuariosForm:405 - Se agrego el usuario:DDD al frame
11:01:06,130  INFO Calculo:313 - Se actualizaron los datos para realizar calculos
11:01:06,131  INFO Calculo:315 - No se actualizaron los datos
11:01:29,219  INFO RedSocial:77 - Se borro el usuario XXX del archivo
11:01:29,225  INFO UsuariosForm:340 - Se borro el usuario:XXX del frame
11:01:31,468  INFO RedSocial:77 - Se borro el usuario DDD del archivo
11:01:31,475  INFO UsuariosForm:340 - Se borro el usuario:DDD del frame
11:04:00,542  INFO UsuarioAleatorioDAO:60 - Se termino de leer el archivo usuarios 
11:04:00,565  INFO UsuarioAleatorioDAO:82 - Se termino de cargar la lista de usuarios del archivo 
11:04:00,593  INFO UsuarioAleatorioDAO:60 - Se termino de leer el archivo usuarios 
11:04:00,632  INFO UsuarioAleatorioDAO:82 - Se termino de cargar la lista de usuarios del archivo 
11:04:00,646  INFO RelacionAleatorioDAO:59 - Se termino de leer el archivo relaciones 
11:04:00,688  INFO UsuarioAleatorioDAO:60 - Se termino de leer el archivo usuarios 
11:04:00,715  INFO UsuarioAleatorioDAO:82 - Se termino de cargar la lista de usuarios del archivo 
11:04:00,728  INFO RelacionAleatorioDAO:83 - Se termino de cargar la lista de relaciones del archivo 
11:04:23,566  INFO Calculo:315 - No se actualizaron los datos
11:04:23,572  INFO Calculo:315 - No se actualizaron los datos
11:04:23,579  INFO Calculo:315 - No se actualizaron los datos
11:04:23,579  INFO Calculo:315 - No se actualizaron los datos
11:04:23,580  INFO Calculo:315 - No se actualizaron los datos
11:04:23,580  INFO Calculo:315 - No se actualizaron los datos
11:04:23,581  INFO Calculo:315 - No se actualizaron los datos
11:04:23,581  INFO Calculo:315 - No se actualizaron los datos
11:04:23,581  INFO Calculo:315 - No se actualizaron los datos
11:04:23,582  INFO Calculo:315 - No se actualizaron los datos
11:04:23,582  INFO Calculo:315 - No se actualizaron los datos
11:04:23,582  INFO Calculo:315 - No se actualizaron los datos
11:04:23,583  INFO Calculo:315 - No se actualizaron los datos
11:04:23,584  INFO Calculo:315 - No se actualizaron los datos
11:04:23,584  INFO Calculo:315 - No se actualizaron los datos
11:04:23,585  INFO Calculo:315 - No se actualizaron los datos
11:04:23,585  INFO Calculo:315 - No se actualizaron los datos
11:04:23,585  INFO Calculo:315 - No se actualizaron los datos
11:04:23,586  INFO Calculo:315 - No se actualizaron los datos
11:04:23,586  INFO Calculo:315 - No se actualizaron los datos
11:04:23,586  INFO Calculo:315 - No se actualizaron los datos
11:04:23,587  INFO Calculo:315 - No se actualizaron los datos
11:04:23,587  INFO Calculo:315 - No se actualizaron los datos
11:04:23,587  INFO Calculo:315 - No se actualizaron los datos
11:04:23,587  INFO Calculo:315 - No se actualizaron los datos
11:04:24,000  INFO Calculo:315 - No se actualizaron los datos
11:04:24,000  INFO Calculo:315 - No se actualizaron los datos
11:08:52,531  INFO Calculo:315 - No se actualizaron los datos
11:09:16,996  INFO UsuarioAleatorioDAO:60 - Se termino de leer el archivo usuarios 
11:09:17,019  INFO UsuarioAleatorioDAO:82 - Se termino de cargar la lista de usuarios del archivo 
11:09:17,045  INFO UsuarioAleatorioDAO:60 - Se termino de leer el archivo usuarios 
11:09:17,065  INFO UsuarioAleatorioDAO:82 - Se termino de cargar la lista de usuarios del archivo 
11:09:17,075  INFO RelacionAleatorioDAO:59 - Se termino de leer el archivo relaciones 
11:09:17,093  INFO UsuarioAleatorioDAO:60 - Se termino de leer el archivo usuarios 
11:09:17,112  INFO UsuarioAleatorioDAO:82 - Se termino de cargar la lista de usuarios del archivo 
11:09:17,121  INFO RelacionAleatorioDAO:83 - Se termino de cargar la lista de relaciones del archivo 
11:09:35,304  INFO Calculo:315 - No se actualizaron los datos
11:09:35,366  INFO Calculo:315 - No se actualizaron los datos
11:21:43,759  INFO UsuarioAleatorioDAO:60 - Se termino de leer el archivo usuarios 
11:21:43,790  INFO UsuarioAleatorioDAO:82 - Se termino de cargar la lista de usuarios del archivo 
11:21:43,818  INFO UsuarioAleatorioDAO:60 - Se termino de leer el archivo usuarios 
11:21:43,842  INFO UsuarioAleatorioDAO:82 - Se termino de cargar la lista de usuarios del archivo 
11:21:43,850  INFO RelacionAleatorioDAO:59 - Se termino de leer el archivo relaciones 
11:21:43,873  INFO UsuarioAleatorioDAO:60 - Se termino de leer el archivo usuarios 
11:21:43,891  INFO UsuarioAleatorioDAO:82 - Se termino de cargar la lista de usuarios del archivo 
11:21:43,901  INFO RelacionAleatorioDAO:83 - Se termino de cargar la lista de relaciones del archivo 
11:22:01,045  INFO Calculo:315 - No se actualizaron los datos
11:22:01,045  INFO Calculo:315 - No se actualizaron los datos
11:22:01,046  INFO Calculo:315 - No se actualizaron los datos
11:22:01,046  INFO Calculo:315 - No se actualizaron los datos
11:22:01,046  INFO Calculo:315 - No se actualizaron los datos
11:22:01,046  INFO Calculo:315 - No se actualizaron los datos
11:22:01,046  INFO Calculo:315 - No se actualizaron los datos
11:22:01,046  INFO Calculo:315 - No se actualizaron los datos
11:22:01,046  INFO Calculo:315 - No se actualizaron los datos
11:22:01,047  INFO Calculo:315 - No se actualizaron los datos
11:22:01,047  INFO Calculo:315 - No se actualizaron los datos
11:22:01,047  INFO Calculo:315 - No se actualizaron los datos
11:22:01,047  INFO Calculo:315 - No se actualizaron los datos
11:22:09,553  INFO Calculo:315 - No se actualizaron los datos
11:22:09,558  INFO Calculo:315 - No se actualizaron los datos
11:22:09,562  INFO Calculo:315 - No se actualizaron los datos
11:22:09,563  INFO Calculo:315 - No se actualizaron los datos
11:22:09,563  INFO Calculo:315 - No se actualizaron los datos
11:22:09,563  INFO Calculo:315 - No se actualizaron los datos
11:22:09,563  INFO Calculo:315 - No se actualizaron los datos
11:22:09,563  INFO Calculo:315 - No se actualizaron los datos
11:22:09,563  INFO Calculo:315 - No se actualizaron los datos
11:22:09,563  INFO Calculo:315 - No se actualizaron los datos
11:22:09,563  INFO Calculo:315 - No se actualizaron los datos
11:22:09,563  INFO Calculo:315 - No se actualizaron los datos
11:22:09,563  INFO Calculo:315 - No se actualizaron los datos
11:22:09,564  INFO Calculo:315 - No se actualizaron los datos
11:22:09,564  INFO Calculo:315 - No se actualizaron los datos
11:22:09,564  INFO Calculo:315 - No se actualizaron los datos
11:22:09,564  INFO Calculo:315 - No se actualizaron los datos
11:22:09,564  INFO Calculo:315 - No se actualizaron los datos
11:22:09,564  INFO Calculo:315 - No se actualizaron los datos
11:22:09,564  INFO Calculo:315 - No se actualizaron los datos
11:22:09,564  INFO Calculo:315 - No se actualizaron los datos
11:22:09,564  INFO Calculo:315 - No se actualizaron los datos
11:22:09,565  INFO Calculo:315 - No se actualizaron los datos
11:22:09,565  INFO Calculo:315 - No se actualizaron los datos
11:22:09,565  INFO Calculo:315 - No se actualizaron los datos
11:26:36,702  INFO UsuarioAleatorioDAO:60 - Se termino de leer el archivo usuarios 
11:26:36,721  INFO UsuarioAleatorioDAO:82 - Se termino de cargar la lista de usuarios del archivo 
11:26:36,739  INFO UsuarioAleatorioDAO:60 - Se termino de leer el archivo usuarios 
11:26:36,753  INFO UsuarioAleatorioDAO:82 - Se termino de cargar la lista de usuarios del archivo 
11:26:36,760  INFO RelacionAleatorioDAO:59 - Se termino de leer el archivo relaciones 
11:26:36,774  INFO UsuarioAleatorioDAO:60 - Se termino de leer el archivo usuarios 
11:26:36,788  INFO UsuarioAleatorioDAO:82 - Se termino de cargar la lista de usuarios del archivo 
11:26:36,794  INFO RelacionAleatorioDAO:83 - Se termino de cargar la lista de relaciones del archivo 
11:27:27,037  INFO UsuarioAleatorioDAO:60 - Se termino de leer el archivo usuarios 
11:27:27,056  INFO UsuarioAleatorioDAO:82 - Se termino de cargar la lista de usuarios del archivo 
11:27:27,074  INFO UsuarioAleatorioDAO:60 - Se termino de leer el archivo usuarios 
11:27:27,089  INFO UsuarioAleatorioDAO:82 - Se termino de cargar la lista de usuarios del archivo 
11:27:27,096  INFO RelacionAleatorioDAO:59 - Se termino de leer el archivo relaciones 
11:27:27,109  INFO UsuarioAleatorioDAO:60 - Se termino de leer el archivo usuarios 
11:27:27,123  INFO UsuarioAleatorioDAO:82 - Se termino de cargar la lista de usuarios del archivo 
11:27:27,130  INFO RelacionAleatorioDAO:83 - Se termino de cargar la lista de relaciones del archivo 
11:28:01,410  INFO Calculo:315 - No se actualizaron los datos
11:28:01,413  INFO Calculo:315 - No se actualizaron los datos
11:28:01,416  INFO Calculo:315 - No se actualizaron los datos
11:28:01,416  INFO Calculo:315 - No se actualizaron los datos
11:28:01,416  INFO Calculo:315 - No se actualizaron los datos
11:28:01,416  INFO Calculo:315 - No se actualizaron los datos
11:28:01,417  INFO Calculo:315 - No se actualizaron los datos
11:28:01,417  INFO Calculo:315 - No se actualizaron los datos
11:28:01,417  INFO Calculo:315 - No se actualizaron los datos
11:28:01,417  INFO Calculo:315 - No se actualizaron los datos
11:28:01,417  INFO Calculo:315 - No se actualizaron los datos
11:28:01,417  INFO Calculo:315 - No se actualizaron los datos
11:44:43,703  INFO UsuarioAleatorioDAO:60 - Se termino de leer el archivo usuarios 
11:44:43,720  INFO UsuarioAleatorioDAO:82 - Se termino de cargar la lista de usuarios del archivo 
11:44:43,739  INFO UsuarioAleatorioDAO:60 - Se termino de leer el archivo usuarios 
11:44:43,753  INFO UsuarioAleatorioDAO:82 - Se termino de cargar la lista de usuarios del archivo 
11:44:43,760  INFO RelacionAleatorioDAO:59 - Se termino de leer el archivo relaciones 
11:44:43,774  INFO UsuarioAleatorioDAO:60 - Se termino de leer el archivo usuarios 
11:44:43,788  INFO UsuarioAleatorioDAO:82 - Se termino de cargar la lista de usuarios del archivo 
11:44:43,794  INFO RelacionAleatorioDAO:83 - Se termino de cargar la lista de relaciones del archivo 
11:45:05,617  INFO Calculo:315 - No se actualizaron los datos
11:45:17,684  INFO UsuarioAleatorioDAO:60 - Se termino de leer el archivo usuarios 
11:45:17,701  INFO UsuarioAleatorioDAO:82 - Se termino de cargar la lista de usuarios del archivo 
11:45:17,721  INFO UsuarioAleatorioDAO:60 - Se termino de leer el archivo usuarios 
11:45:17,735  INFO UsuarioAleatorioDAO:82 - Se termino de cargar la lista de usuarios del archivo 
11:45:17,742  INFO RelacionAleatorioDAO:59 - Se termino de leer el archivo relaciones 
11:45:17,756  INFO UsuarioAleatorioDAO:60 - Se termino de leer el archivo usuarios 
11:45:17,771  INFO UsuarioAleatorioDAO:82 - Se termino de cargar la lista de usuarios del archivo 
11:45:17,776  INFO RelacionAleatorioDAO:83 - Se termino de cargar la lista de relaciones del archivo 
11:45:42,337  INFO Calculo:315 - No se actualizaron los datos
